<?xml version="1.0" encoding="UTF-8"?>
<!-- Generated by org.testng.reporters.JUnitReportReporter -->
<testsuite hostname="DESKTOP-IIAP7UO" failures="0" tests="1" name="com.Testcases.Register" time="19.417" errors="0" timestamp="2024-01-09T14:36:49 IST" skipped="0">
  <testcase classname="com.Testcases.Register" name="registerButtonWork" time="19.417"/>
  <system-out/>
</testsuite> <!-- com.Testcases.Register -->
