<?xml version="1.0" encoding="UTF-8"?>
<!-- Generated by org.testng.reporters.JUnitReportReporter -->
<testsuite hostname="DESKTOP-IIAP7UO" failures="0" tests="1" name="com.Testcases.Footer" time="2.189" errors="0" timestamp="2024-01-04T17:20:06 IST" skipped="0">
  <testcase classname="com.Testcases.Footer" name="footer_JoinNewsletter" time="2.189"/>
  <system-out/>
</testsuite> <!-- com.Testcases.Footer -->
