<?xml version="1.0" encoding="UTF-8"?>
<!-- Generated by org.testng.reporters.JUnitReportReporter -->
<testsuite hostname="DESKTOP-IIAP7UO" failures="0" tests="1" name="com.Testcases.Home_Desktops" time="18.690" errors="0" timestamp="2024-01-31T14:54:12 IST" skipped="0">
  <testcase classname="com.Testcases.Home_Desktops" name="clickDesktopsNameDSC_PriceDSC_Elements" time="18.690"/>
  <system-out/>
</testsuite> <!-- com.Testcases.Home_Desktops -->
