<?xml version="1.0" encoding="UTF-8"?>
<!-- Generated by org.testng.reporters.JUnitReportReporter -->
<testsuite hostname="DESKTOP-IIAP7UO" failures="0" tests="1" name="com.Testcases.ChangPass" time="24.679" errors="0" timestamp="2024-01-13T11:32:03 IST" skipped="0">
  <testcase classname="com.Testcases.ChangPass" name="changePaasswithout_Credentials" time="24.679"/>
  <system-out/>
</testsuite> <!-- com.Testcases.ChangPass -->
