<?xml version="1.0" encoding="UTF-8"?>
<!-- Generated by org.testng.reporters.JUnitReportReporter -->
<testsuite hostname="DESKTOP-IIAP7UO" failures="0" tests="1" name="com.Testcases.MyOrder" time="14.569" errors="0" timestamp="2024-01-30T14:27:23 IST" skipped="0">
  <testcase classname="com.Testcases.MyOrder" name="myorder_Click" time="14.569"/>
  <system-out/>
</testsuite> <!-- com.Testcases.MyOrder -->
