<?xml version="1.0" encoding="UTF-8"?>
<!-- Generated by org.testng.reporters.JUnitReportReporter -->
<testsuite hostname="DESKTOP-IIAP7UO" failures="0" tests="1" name="com.Testcases.Home" time="20.201" errors="0" timestamp="2024-01-31T13:03:13 IST" skipped="0">
  <testcase classname="com.Testcases.Home" name="clickDesktopsNameDSC_PriceDSC_Elements" time="20.201"/>
  <system-out/>
</testsuite> <!-- com.Testcases.Home -->
