<?xml version="1.0" encoding="UTF-8"?>
<!-- Generated by org.testng.reporters.JUnitReportReporter -->
<testsuite hostname="DESKTOP-IIAP7UO" failures="0" tests="1" name="com.Testcases.product_Info" time="31.090" errors="0" timestamp="2024-02-01T13:20:12 IST" skipped="0">
  <testcase classname="com.Testcases.product_Info" name="open_ProductPage" time="31.090"/>
  <system-out/>
</testsuite> <!-- com.Testcases.product_Info -->
