<?xml version="1.0" encoding="UTF-8"?>
<!-- Generated by org.testng.reporters.JUnitReportReporter -->
<testsuite hostname="DESKTOP-IIAP7UO" failures="0" tests="6" name="com.Testcases.Forgot_pass" time="79.940" errors="0" timestamp="2024-01-13T19:03:37 IST" skipped="0">
  <testcase classname="com.Testcases.Forgot_pass" name="forgetPass_Click" time="12.648"/>
  <system-out/>
  <testcase classname="com.Testcases.Forgot_pass" name="forgetPass_email" time="13.903"/>
  <system-out/>
  <testcase classname="com.Testcases.Forgot_pass" name="forgetPass_InValidemail" time="13.042"/>
  <system-out/>
  <testcase classname="com.Testcases.Forgot_pass" name="forgetPass_Blankemail" time="12.905"/>
  <system-out/>
  <testcase classname="com.Testcases.Forgot_pass" name="forgetPass_Invalidemail" time="13.029"/>
  <system-out/>
  <testcase classname="com.Testcases.Forgot_pass" name="forgetPass_CancleClick" time="14.413"/>
  <system-out/>
</testsuite> <!-- com.Testcases.Forgot_pass -->
