<?xml version="1.0" encoding="UTF-8"?>
<!-- Generated by org.testng.reporters.JUnitReportReporter -->
<testsuite hostname="DESKTOP-IIAP7UO" failures="0" tests="1" name="com.Testcases.Home_Camera" time="21.223" errors="0" timestamp="2024-02-28T19:05:49 IST" skipped="0">
  <testcase classname="com.Testcases.Home_Camera" name="clickCameraNameASC_Elements" time="21.223"/>
  <system-out/>
</testsuite> <!-- com.Testcases.Home_Camera -->
