<?xml version="1.0" encoding="UTF-8"?>
<!-- Generated by org.testng.reporters.JUnitReportReporter -->
<testsuite hostname="DESKTOP-IIAP7UO" failures="0" tests="3" name="com.Testcases.Login" time="31.910" errors="0" timestamp="2024-03-11T18:42:10 IST" skipped="0">
  <testcase classname="com.Testcases.Login" name="valideInvalidCredentialwithLogin" time="15.924"/>
  <system-out/>
  <testcase classname="com.Testcases.Login" name="valideInvalidCredentialwithLogin" time="7.304"/>
  <system-out/>
  <testcase classname="com.Testcases.Login" name="valideInvalidCredentialwithLogin" time="8.682"/>
  <system-out/>
</testsuite> <!-- com.Testcases.Login -->
