<?xml version="1.0" encoding="UTF-8"?>
<!-- Generated by org.testng.reporters.JUnitReportReporter -->
<testsuite hostname="DESKTOP-IIAP7UO" failures="0" tests="1" name="com.Testcases.Home_Laptops" time="18.340" errors="0" timestamp="2024-01-31T14:55:46 IST" skipped="0">
  <testcase classname="com.Testcases.Home_Laptops" name="clickDesktopsNameDSC_PriceDSC_Elements" time="18.340"/>
  <system-out/>
</testsuite> <!-- com.Testcases.Home_Laptops -->
